2019-02-26 18:36:17.478  INFO 13692 --- [main] c.t.chargeline.ChargelineApplication     : Starting ChargelineApplication on DESKTOP-VM20JAI with PID 13692 (E:\code\java\chargeline\target\classes started by keer in E:\code\java\chargeline)
2019-02-26 18:36:17.494  INFO 13692 --- [main] c.t.chargeline.ChargelineApplication     : No active profile set, falling back to default profiles: default
2019-02-26 18:36:18.382  INFO 13692 --- [main] o.s.b.w.embedded.tomcat.TomcatWebServer  : Tomcat initialized with port(s): 8080 (http)
2019-02-26 18:36:18.398  INFO 13692 --- [main] o.apache.catalina.core.StandardService   : Starting service [Tomcat]
2019-02-26 18:36:18.398  INFO 13692 --- [main] org.apache.catalina.core.StandardEngine  : Starting Servlet engine: [Apache Tomcat/9.0.14]
2019-02-26 18:36:18.414  INFO 13692 --- [main] o.a.catalina.core.AprLifecycleListener   : The APR based Apache Tomcat Native library which allows optimal performance in production environments was not found on the java.library.path: [D:\Program Files\Java\jdk1.8.0_191\bin;C:\WINDOWS\Sun\Java\bin;C:\WINDOWS\system32;C:\WINDOWS;C:\Program Files (x86)\Common Files\Oracle\Java\javapath;C:\WINDOWS\system32;C:\WINDOWS;C:\WINDOWS\System32\Wbem;C:\WINDOWS\System32\WindowsPowerShell\v1.0\;D:\Program Files\Java\jdk1.8.0_191\bin;D:\Program Files\Java\jdk1.8.0_191\jre\bin;D:\Program Files\Git\cmd;D:\Go\bin;E:\php iis;D:\apache-maven-3.6.0\bin;;C:\WINDOWS\System32\OpenSSH\;C:\Users\keer\AppData\Local\Microsoft\WindowsApps;C:\Users\keer\go\bin;D:\Users\keer\AppData\Local\Programs\Fiddler;%USERPROFILE%\AppData\Local\Microsoft\WindowsApps;;.]
2019-02-26 18:36:18.507  INFO 13692 --- [main] o.a.c.c.C.[Tomcat].[localhost].[/]       : Initializing Spring embedded WebApplicationContext
2019-02-26 18:36:18.507  INFO 13692 --- [main] o.s.web.context.ContextLoader            : Root WebApplicationContext: initialization completed in 982 ms
2019-02-26 18:36:18.539  INFO 13692 --- [main] f.a.AutowiredAnnotationBeanPostProcessor : Autowired annotation is not supported on static fields: private static java.lang.String com.trustchain.chargeline.controller.AllController.web3_url
2019-02-26 18:36:18.539  INFO 13692 --- [main] f.a.AutowiredAnnotationBeanPostProcessor : Autowired annotation is not supported on static fields: private static java.lang.String com.trustchain.chargeline.controller.AllController.ChargingLine_address
2019-02-26 18:36:18.632  INFO 13692 --- [main] o.s.s.concurrent.ThreadPoolTaskExecutor  : Initializing ExecutorService 'applicationTaskExecutor'
2019-02-26 18:36:18.742  INFO 13692 --- [main] o.s.b.w.embedded.tomcat.TomcatWebServer  : Tomcat started on port(s): 8080 (http) with context path ''
2019-02-26 18:36:18.742  INFO 13692 --- [main] c.t.chargeline.ChargelineApplication     : Started ChargelineApplication in 1.467 seconds (JVM running for 2.035)
2019-02-26 18:41:53.572  INFO 13692 --- [http-nio-8080-exec-1] o.a.c.c.C.[Tomcat].[localhost].[/]       : Initializing Spring DispatcherServlet 'dispatcherServlet'
2019-02-26 18:41:53.572  INFO 13692 --- [http-nio-8080-exec-1] o.s.web.servlet.DispatcherServlet        : Initializing Servlet 'dispatcherServlet'
2019-02-26 18:41:53.576  INFO 13692 --- [http-nio-8080-exec-1] o.s.web.servlet.DispatcherServlet        : Completed initialization in 4 ms
2019-02-26 18:41:53.988  INFO 13692 --- [http-nio-8080-exec-1] c.t.chargeline.controller.AllController  : [GET] /getCountFriend
2019-02-26 18:41:55.729  INFO 13692 --- [http-nio-8080-exec-5] c.t.chargeline.controller.AllController  : [GET] /getCountFriend
2019-02-26 18:42:58.263  INFO 13692 --- [http-nio-8080-exec-4] c.t.chargeline.controller.AllController  : [GET] /getCountFriend
2019-02-26 18:43:58.419  INFO 13692 --- [http-nio-8080-exec-6] c.t.c.controller.ScanController          : 粉丝总数：278
2019-02-26 18:43:58.452  INFO 13692 --- [http-nio-8080-exec-2] c.t.c.controller.ScanController          : 粉丝总数：278
2019-02-26 18:43:58.472  INFO 13692 --- [http-nio-8080-exec-8] c.t.c.controller.ScanController          : 粉丝总数：278
2019-02-26 18:44:38.657  INFO 13692 --- [http-nio-8080-exec-9] c.t.c.controller.ScanController          : 粉丝总数：278
2019-02-26 18:45:34.896  INFO 13692 --- [http-nio-8080-exec-10] c.t.c.controller.ScanController          : 粉丝总数：278
2019-02-26 18:46:49.247  INFO 13692 --- [http-nio-8080-exec-1] c.t.c.controller.ScanController          : 粉丝总数：278
2019-02-26 18:52:27.054  INFO 13692 --- [http-nio-8080-exec-3] c.t.c.controller.ScanController          : 粉丝总数：278
